<?xml version="1.0" encoding="UTF-8"?>
<testsuite name="JUnit Jupiter" tests="0" skipped="0" failures="0" errors="0" time="0.005" hostname="DESKTOP-M1KNUJJ" timestamp="2018-10-08T15:54:22">
<properties>
<property name="awt.toolkit" value="sun.awt.windows.WToolkit"/>
<property name="file.encoding" value="windows-1252"/>
<property name="file.encoding.pkg" value="sun.io"/>
<property name="file.separator" value="\"/>
<property name="java.awt.graphicsenv" value="sun.awt.Win32GraphicsEnvironment"/>
<property name="java.awt.printerjob" value="sun.awt.windows.WPrinterJob"/>
<property name="java.class.path" value="C:\Users\admin\eclipse-workspace\bus\Introduction\build\classes\java\test;C:\Users\admin\eclipse-workspace\bus\Introduction\build\resources\test;C:\Users\admin\eclipse-workspace\bus\Introduction\build\classes\java\main;C:\Users\admin\eclipse-workspace\bus\Introduction\build\resources\main;C:\Windows\System32\config\systemprofile\.gradle\caches\modules-2\files-2.1\org.junit.jupiter\junit-jupiter-engine\5.1.0\c54b96b465bb5b49c7708d734a4180dd95422754\junit-jupiter-engine-5.1.0.jar;C:\Windows\System32\config\systemprofile\.gradle\caches\modules-2\files-2.1\org.junit.jupiter\junit-jupiter-api\5.1.0\370218fbc7ce9cf0600c4b5db400bccdf0c01a48\junit-jupiter-api-5.1.0.jar;C:\Windows\System32\config\systemprofile\.gradle\caches\modules-2\files-2.1\org.junit.vintage\junit-vintage-engine\5.1.0\a752dd045d08753ac77622dc83b584dc5abda1e1\junit-vintage-engine-5.1.0.jar;C:\Windows\System32\config\systemprofile\.gradle\caches\modules-2\files-2.1\org.junit.platform\junit-platform-runner\1.1.0\d47029ff19c88cdf86324f29e70c6b26adad6c8b\junit-platform-runner-1.1.0.jar;C:\Windows\System32\config\systemprofile\.gradle\caches\modules-2\files-2.1\org.junit.platform\junit-platform-launcher\1.1.0\ba098edde4e59cacd9225e238ea3ad9c946684ab\junit-platform-launcher-1.1.0.jar;C:\Windows\System32\config\systemprofile\.gradle\caches\modules-2\files-2.1\org.junit.platform\junit-platform-engine\1.1.0\2596bd4d909e7ea8d029272db4338075445d731b\junit-platform-engine-1.1.0.jar;C:\Windows\System32\config\systemprofile\.gradle\caches\modules-2\files-2.1\org.junit.platform\junit-platform-suite-api\1.1.0\ed577e96850aec4a2e610b26b7a09fafb17faef7\junit-platform-suite-api-1.1.0.jar;C:\Windows\System32\config\systemprofile\.gradle\caches\modules-2\files-2.1\org.junit.platform\junit-platform-commons\1.1.0\d6aa21029f9cedfb4cc8a9e9efc0bd97987205b8\junit-platform-commons-1.1.0.jar;C:\Windows\System32\config\systemprofile\.gradle\caches\modules-2\files-2.1\org.apiguardian\apiguardian-api\1.0.0\3ef5276905e36f4d8055fe3cb0bdcc7503ffc85d\apiguardian-api-1.0.0.jar;C:\Windows\System32\config\systemprofile\.gradle\caches\modules-2\files-2.1\org.opentest4j\opentest4j\1.0.0\6f09c598e9ff64bf0ce2fa7e7de49a99ba83c0b4\opentest4j-1.0.0.jar;C:\Windows\System32\config\systemprofile\.gradle\caches\modules-2\files-2.1\junit\junit\4.12\2973d150c0dc1fefe998f834810d68f278ea58ec\junit-4.12.jar;C:\Windows\System32\config\systemprofile\.gradle\caches\modules-2\files-2.1\org.hamcrest\hamcrest-core\1.3\42a25dc3219429f0e5d060061f71acb49bf010a0\hamcrest-core-1.3.jar;C:\Windows\System32\config\systemprofile\.gradle\caches\modules-2\files-2.1\org.junit.platform\junit-platform-console\1.1.0\1ea376db54ab4ec0018c5e99d414e1c7c034387\junit-platform-console-1.1.0.jar"/>
<property name="java.class.version" value="52.0"/>
<property name="java.endorsed.dirs" value="C:\Program Files\Java\jdk1.8.0_181\jre\lib\endorsed"/>
<property name="java.ext.dirs" value="C:\Program Files\Java\jdk1.8.0_181\jre\lib\ext;C:\Windows\Sun\Java\lib\ext"/>
<property name="java.home" value="C:\Program Files\Java\jdk1.8.0_181\jre"/>
<property name="java.io.tmpdir" value="C:\Windows\TEMP\"/>
<property name="java.library.path" value="C:\Program Files\Java\jdk1.8.0_181\bin;C:\Windows\Sun\Java\bin;C:\Windows\system32;C:\Windows;/bin;/bin;C:\Program Files (x86)\Common Files\Oracle\Java\javapath;C:\Windows\system32;C:\Windows;C:\Windows\System32\Wbem;C:\Windows\System32\WindowsPowerShell\v1.0\;C:\Windows\System32\OpenSSH\;C:\Program Files\Git\cmd;C:\Gradle\gradle-4.10.2\bin;C:\Program Files\Java\jdk1.8.0_181\bin;C:\Windows\system32\config\systemprofile\AppData\Local\Microsoft\WindowsApps;."/>
<property name="java.runtime.name" value="Java(TM) SE Runtime Environment"/>
<property name="java.runtime.version" value="1.8.0_181-b13"/>
<property name="java.specification.name" value="Java Platform API Specification"/>
<property name="java.specification.vendor" value="Oracle Corporation"/>
<property name="java.specification.version" value="1.8"/>
<property name="java.vendor" value="Oracle Corporation"/>
<property name="java.vendor.url" value="http://java.oracle.com/"/>
<property name="java.vendor.url.bug" value="http://bugreport.sun.com/bugreport/"/>
<property name="java.version" value="1.8.0_181"/>
<property name="java.vm.info" value="mixed mode"/>
<property name="java.vm.name" value="Java HotSpot(TM) 64-Bit Server VM"/>
<property name="java.vm.specification.name" value="Java Virtual Machine Specification"/>
<property name="java.vm.specification.vendor" value="Oracle Corporation"/>
<property name="java.vm.specification.version" value="1.8"/>
<property name="java.vm.vendor" value="Oracle Corporation"/>
<property name="java.vm.version" value="25.181-b13"/>
<property name="line.separator" value="
"/>
<property name="os.arch" value="amd64"/>
<property name="os.name" value="Windows 10"/>
<property name="os.version" value="10.0"/>
<property name="path.separator" value=";"/>
<property name="sun.arch.data.model" value="64"/>
<property name="sun.boot.class.path" value="C:\Program Files\Java\jdk1.8.0_181\jre\lib\resources.jar;C:\Program Files\Java\jdk1.8.0_181\jre\lib\rt.jar;C:\Program Files\Java\jdk1.8.0_181\jre\lib\sunrsasign.jar;C:\Program Files\Java\jdk1.8.0_181\jre\lib\jsse.jar;C:\Program Files\Java\jdk1.8.0_181\jre\lib\jce.jar;C:\Program Files\Java\jdk1.8.0_181\jre\lib\charsets.jar;C:\Program Files\Java\jdk1.8.0_181\jre\lib\jfr.jar;C:\Program Files\Java\jdk1.8.0_181\jre\classes"/>
<property name="sun.boot.library.path" value="C:\Program Files\Java\jdk1.8.0_181\jre\bin"/>
<property name="sun.cpu.endian" value="little"/>
<property name="sun.cpu.isalist" value="amd64"/>
<property name="sun.desktop" value="windows"/>
<property name="sun.io.unicode.encoding" value="UnicodeLittle"/>
<property name="sun.java.command" value="org.junit.platform.console.ConsoleLauncher --details NONE --scan-class-path C:\Users\admin\eclipse-workspace\bus\Introduction\build\classes\java\main;C:\Users\admin\eclipse-workspace\bus\Introduction\build\resources\main;C:\Users\admin\eclipse-workspace\bus\Introduction\build\classes\java\test;C:\Users\admin\eclipse-workspace\bus\Introduction\build\resources\test -n ^.*Tests?$ --reports-dir C:\Users\admin\eclipse-workspace\bus\Introduction\build\test-results\junit-platform"/>
<property name="sun.java.launcher" value="SUN_STANDARD"/>
<property name="sun.jnu.encoding" value="Cp1252"/>
<property name="sun.management.compiler" value="HotSpot 64-Bit Tiered Compilers"/>
<property name="sun.os.patch.level" value=""/>
<property name="user.country" value="DE"/>
<property name="user.dir" value="C:\Users\admin\eclipse-workspace\bus\Introduction"/>
<property name="user.home" value="C:\Windows\system32\config\systemprofile"/>
<property name="user.language" value="de"/>
<property name="user.name" value="DESKTOP-M1KNUJJ$"/>
<property name="user.script" value=""/>
<property name="user.timezone" value="Europe/Berlin"/>
<property name="user.variant" value=""/>
</properties>
<system-out><![CDATA[
unique-id: [engine:junit-jupiter]
display-name: JUnit Jupiter
]]></system-out>
</testsuite>
