<?xml version="1.0" encoding="UTF-8"?>
<testsuite name="test.java.SimpleTestClass" tests="1" skipped="0" failures="0" errors="0" timestamp="2018-10-08T13:54:24" hostname="DESKTOP-M1KNUJJ" time="0.001">
  <properties/>
  <testcase name="testjustAnExample2()" classname="test.java.SimpleTestClass" time="0.001"/>
  <system-out><![CDATA[]]></system-out>
  <system-err><![CDATA[]]></system-err>
</testsuite>
