<?xml version="1.0" encoding="UTF-8"?>
<testsuite name="test.java.JunitTest" tests="6" skipped="0" failures="0" errors="0" timestamp="2018-10-08T13:52:15" hostname="DESKTOP-M1KNUJJ" time="0.037">
  <properties/>
  <testcase name="testmiddle()" classname="test.java.JunitTest" time="0.02"/>
  <testcase name="testbig()" classname="test.java.JunitTest" time="0.001"/>
  <testcase name="testsmall()" classname="test.java.JunitTest" time="0.0"/>
  <testcase name="testeven()" classname="test.java.JunitTest" time="0.001"/>
  <testcase name="testnegative()" classname="test.java.JunitTest" time="0.0"/>
  <testcase name="testunevensmall()" classname="test.java.JunitTest" time="0.002"/>
  <system-out><![CDATA[]]></system-out>
  <system-err><![CDATA[]]></system-err>
</testsuite>
